2025-09-09 12:52:18,069 - db_logger - INFO - fetch_day_data called with 2024-08-15
2025-09-09 12:52:27,425 - db_logger - INFO - fetch_day_data called with 2024-08-15
2025-09-09 12:52:35,342 - db_logger - INFO - fetch_day_data called with 2024-08-01
2025-09-09 12:54:14,282 - db_logger - INFO - fetch_day_data called with 2024-08-15
2025-09-09 12:54:20,251 - db_logger - INFO - fetch_day_data called with 2024-08-01
2025-09-09 12:54:30,953 - db_logger - INFO - fetch_day_data called with 2024-08-02
2025-09-09 12:56:02,831 - db_logger - INFO - fetch_day_data called with 2024-08-15
2025-09-09 13:00:01,367 - db_logger - INFO - fetch_day_data called with 2024-08-15
2025-09-09 13:00:52,884 - db_logger - INFO - fetch_day_data called with 2024-08-15
2025-09-09 13:07:44,940 - db_logger - INFO - fetch_day_data called with 2024-08-15
2025-09-09 13:10:09,225 - db_logger - INFO - fetch_day_data called with 2024-08-15
2025-09-09 13:10:37,699 - db_logger - INFO - fetch_day_data called with 2024-08-15
2025-09-09 13:11:51,551 - db_logger - INFO - fetch_day_data called with 2024-08-15
2025-09-09 13:13:17,171 - db_logger - INFO - fetch_day_data called with 2024-08-15
2025-09-09 13:13:41,833 - db_logger - INFO - fetch_day_data called with 2024-08-15
2025-09-09 13:14:05,020 - db_logger - INFO - fetch_day_data called with 2024-08-01
2025-09-09 13:14:07,710 - db_logger - INFO - fetch_day_data called with 2024-08-01
2025-09-09 13:15:44,652 - db_logger - INFO - fetch_day_data called with 2024-08-15
2025-09-09 13:27:07,357 - db_logger - INFO - fetch_day_data called with 2024-08-15
2025-09-09 13:27:20,010 - db_logger - INFO - fetch_day_data called with 2025-08-21
2025-09-09 13:27:52,982 - db_logger - INFO - fetch_day_data called with 2025-08-21
2025-09-09 13:30:42,791 - db_logger - INFO - fetch_day_data called with 2024-08-15
2025-09-09 13:30:53,538 - db_logger - INFO - fetch_day_data called with 2025-08-28
2025-09-09 13:32:13,218 - db_logger - INFO - fetch_day_data called with 2025-08-28
2025-09-09 13:32:15,314 - db_logger - INFO - delete_expense called with 2025-08-28
2025-09-09 13:32:15,334 - db_logger - INFO - insert_expense called with 2025-08-28,20.0,Other,miscellaneous
2025-09-09 13:32:15,357 - db_logger - INFO - insert_expense called with 2025-08-28,120.0,Shopping,Dresses
2025-09-09 13:32:15,367 - db_logger - INFO - insert_expense called with 2025-08-28,50.0,Food,Biryani
2025-09-09 13:32:26,125 - db_logger - INFO - fetch_day_data called with 2025-08-19
2025-09-09 13:32:29,807 - db_logger - INFO - fetch_day_data called with 2025-08-28
2025-09-09 13:33:13,857 - db_logger - INFO - fetch_day_data called with 2024-08-01
2025-09-09 15:13:39,826 - db_logger - INFO - fetch_day_data called with 2024-08-15
2025-09-09 15:14:19,695 - db_logger - INFO - fetch_day_data called with 2024-08-15
2025-09-09 15:42:42,263 - db_logger - INFO - fetch_day_data called with 2024-08-15
2025-09-09 15:54:18,496 - db_logger - INFO - fetch_day_data called with 2024-08-15
2025-09-09 15:54:23,507 - db_logger - INFO - fetch_day_data called with 2024-08-15
2025-09-09 15:55:36,198 - db_logger - INFO - fetch_day_data called with 2024-08-15
2025-09-09 15:55:39,666 - db_logger - INFO - fetch_day_data called with 2024-08-15
2025-09-09 15:56:06,307 - db_logger - INFO - fetch_day_data called with 2024-08-15
2025-09-09 15:56:10,443 - db_logger - INFO - fetch_day_data called with 2024-08-15
2025-09-09 15:58:33,147 - db_logger - INFO - fetch_day_data called with 2024-08-15
2025-09-09 16:30:58,239 - db_logger - INFO - fetch_day_data called with 2024-08-15
2025-09-09 16:32:37,116 - db_logger - INFO - fetch_day_data called with 2024-08-15
2025-09-09 16:32:42,210 - db_logger - INFO - fetch_day_data called with 2024-08-15
2025-09-09 16:34:49,142 - db_logger - INFO - fetch_day_data called with 2024-08-15
2025-09-09 16:35:18,734 - db_logger - INFO - fetch_day_data called with 2024-08-15
2025-09-09 16:35:25,619 - db_logger - INFO - fetch_day_data called with 2024-08-15
2025-09-09 16:37:19,384 - db_logger - INFO - fetch_day_data called with 2024-08-15
2025-09-09 16:37:38,789 - db_logger - INFO - fetch_day_data called with 2024-08-15
2025-09-09 16:39:24,320 - db_logger - INFO - fetch_day_data called with 2024-08-15
2025-09-09 16:39:28,903 - db_logger - INFO - fetch_day_data called with 2024-08-15
2025-09-09 16:40:55,002 - db_logger - INFO - fetch_day_data called with 2024-08-01
2025-09-09 16:41:04,235 - db_logger - INFO - fetch_day_data called with 2024-08-03
2025-09-09 16:41:09,984 - db_logger - INFO - fetch_day_data called with 2024-08-03
2025-09-09 16:43:44,979 - db_logger - INFO - fetch_day_data called with 2024-08-03
2025-09-09 16:46:14,306 - db_logger - INFO - fetch_day_data called with 2024-08-03
2025-09-09 16:47:13,346 - db_logger - INFO - fetch_day_data called with 2024-08-03
2025-09-09 16:47:17,239 - db_logger - INFO - fetch_day_data called with 2024-08-03
2025-09-09 16:50:37,572 - db_logger - INFO - fetch_day_data called with 2024-08-03
2025-09-09 16:54:44,269 - db_logger - INFO - fetch_day_data called with 2024-08-03
2025-09-09 16:56:20,190 - db_logger - INFO - fetch_day_data called with 2024-08-03
2025-09-09 17:03:59,506 - db_logger - INFO - fetch_expense_summary called with start: 2024-08-01 end: 2024-08-05
2025-09-09 17:04:09,094 - db_logger - INFO - fetch_day_data called with 2024-08-03
2025-09-09 17:04:11,189 - db_logger - INFO - fetch_expense_summary called with start: 2024-08-01 end: 2024-08-05
2025-09-09 17:13:34,460 - db_logger - INFO - fetch_day_data called with 2024-08-01
2025-09-09 17:17:47,960 - db_logger - INFO - fetch_expense_summary called with start: 2024-08-01 end: 2024-10-30
2025-09-09 17:23:24,091 - db_logger - INFO - fetch_expense_summary called with start: 2024-08-01 end: 2024-10-30
2025-09-09 17:24:26,555 - db_logger - INFO - fetch_expense_summary called with start: 2024-08-01 end: 2024-10-30
2025-09-09 17:24:38,059 - db_logger - INFO - fetch_expense_summary called with start: 2024-08-01 end: 2024-10-30
2025-09-09 17:39:45,427 - db_logger - INFO - fetch_expense_summary_by_months
2025-09-09 17:44:02,723 - db_logger - INFO - fetch_day_data called with 2024-08-01
2025-09-09 17:53:33,543 - db_logger - INFO - fetch_expense_summary_by_months
2025-09-09 17:53:40,382 - db_logger - INFO - fetch_day_data called with 2024-08-01
2025-09-09 17:54:45,083 - db_logger - INFO - fetch_expense_summary_by_months
2025-09-09 17:55:01,956 - db_logger - INFO - fetch_day_data called with 2024-08-01
2025-09-09 17:55:04,074 - db_logger - INFO - fetch_expense_summary_by_months
